17:50:36 **** Incremental Build of configuration Debug for project lab10 ****
make all 
make: Nothing to be done for `all'.
17:50:39 **** Incremental Build of configuration Debug for project lab10 ****
make all 
make: Nothing to be done for `all'.
17:50:48 **** Clean-only build of configuration Debug for project lab10 ****
make clean 
rm -rf  ./AuthRequestsDispatcher.o ./MThread.o ./MultipleTCPSocketsListener.o ./PeersRequestsDispatcher.o ./TCPMessengerServer.o ./TCPSessionBroker.o ./TCPSocket.o ./User.o ./main.o  ./AuthRequestsDispatcher.d ./MThread.d ./MultipleTCPSocketsListener.d ./PeersRequestsDispatcher.d ./TCPMessengerServer.d ./TCPSessionBroker.d ./TCPSocket.d ./User.d ./main.d  lab10
 
17:50:49 **** Clean-only build of configuration Debug for project lab8 ****
make clean 
rm -rf  ./MThread.o ./TCPMessengerClient.o ./TCPSocket.o ./UDPGame.o ./main.o  ./MThread.d ./TCPMessengerClient.d ./TCPSocket.d ./UDPGame.d ./main.d  lab8
 
17:50:54 **** Build of configuration Debug for project lab10 ****
make all 
Building file: ../AuthRequestsDispatcher.cpp
Invoking: GCC C++ Compiler
g++ -O0 -g3 -Wall -c -fmessage-length=0 -MMD -MP -MF"AuthRequestsDispatcher.d" -MT"AuthRequestsDispatcher.o" -o "AuthRequestsDispatcher.o" "../AuthRequestsDispatcher.cpp"
Finished building: ../AuthRequestsDispatcher.cpp
 
Building file: ../MThread.cpp
Invoking: GCC C++ Compiler
g++ -O0 -g3 -Wall -c -fmessage-length=0 -MMD -MP -MF"MThread.d" -MT"MThread.o" -o "MThread.o" "../MThread.cpp"
Finished building: ../MThread.cpp
 
Building file: ../MultipleTCPSocketsListener.cpp
Invoking: GCC C++ Compiler
g++ -O0 -g3 -Wall -c -fmessage-length=0 -MMD -MP -MF"MultipleTCPSocketsListener.d" -MT"MultipleTCPSocketsListener.o" -o "MultipleTCPSocketsListener.o" "../MultipleTCPSocketsListener.cpp"
Finished building: ../MultipleTCPSocketsListener.cpp
 
Building file: ../PeersRequestsDispatcher.cpp
Invoking: GCC C++ Compiler
g++ -O0 -g3 -Wall -c -fmessage-length=0 -MMD -MP -MF"PeersRequestsDispatcher.d" -MT"PeersRequestsDispatcher.o" -o "PeersRequestsDispatcher.o" "../PeersRequestsDispatcher.cpp"
Finished building: ../PeersRequestsDispatcher.cpp
 
Building file: ../TCPMessengerServer.cpp
Invoking: GCC C++ Compiler
g++ -O0 -g3 -Wall -c -fmessage-length=0 -MMD -MP -MF"TCPMessengerServer.d" -MT"TCPMessengerServer.o" -o "TCPMessengerServer.o" "../TCPMessengerServer.cpp"
Finished building: ../TCPMessengerServer.cpp
 
Building file: ../TCPSessionBroker.cpp
Invoking: GCC C++ Compiler
g++ -O0 -g3 -Wall -c -fmessage-length=0 -MMD -MP -MF"TCPSessionBroker.d" -MT"TCPSessionBroker.o" -o "TCPSessionBroker.o" "../TCPSessionBroker.cpp"
Finished building: ../TCPSessionBroker.cpp
 
Building file: ../TCPSocket.cpp
Invoking: GCC C++ Compiler
g++ -O0 -g3 -Wall -c -fmessage-length=0 -MMD -MP -MF"TCPSocket.d" -MT"TCPSocket.o" -o "TCPSocket.o" "../TCPSocket.cpp"
Finished building: ../TCPSocket.cpp
 
Building file: ../User.cpp
Invoking: GCC C++ Compiler
g++ -O0 -g3 -Wall -c -fmessage-length=0 -MMD -MP -MF"User.d" -MT"User.o" -o "User.o" "../User.cpp"
Finished building: ../User.cpp
 
Building file: ../main.cpp
Invoking: GCC C++ Compiler
g++ -O0 -g3 -Wall -c -fmessage-length=0 -MMD -MP -MF"main.d" -MT"main.o" -o "main.o" "../main.cpp"
Finished building: ../main.cpp
 
Building target: lab10
Invoking: GCC C++ Linker
g++  -o "lab10"  ./AuthRequestsDispatcher.o ./MThread.o ./MultipleTCPSocketsListener.o ./PeersRequestsDispatcher.o ./TCPMessengerServer.o ./TCPSessionBroker.o ./TCPSocket.o ./User.o ./main.o   -lpthread
Finished building target: lab10
 
17:51:07 **** Build of configuration Debug for project lab8 ****
make all 
Building file: ../MThread.cpp
Invoking: GCC C++ Compiler
g++ -O0 -g3 -Wall -c -fmessage-length=0 -MMD -MP -MF"MThread.d" -MT"MThread.o" -o "MThread.o" "../MThread.cpp"
Finished building: ../MThread.cpp
 
Building file: ../TCPMessengerClient.cpp
Invoking: GCC C++ Compiler
g++ -O0 -g3 -Wall -c -fmessage-length=0 -MMD -MP -MF"TCPMessengerClient.d" -MT"TCPMessengerClient.o" -o "TCPMessengerClient.o" "../TCPMessengerClient.cpp"
Finished building: ../TCPMessengerClient.cpp
 
Building file: ../TCPSocket.cpp
Invoking: GCC C++ Compiler
g++ -O0 -g3 -Wall -c -fmessage-length=0 -MMD -MP -MF"TCPSocket.d" -MT"TCPSocket.o" -o "TCPSocket.o" "../TCPSocket.cpp"
Finished building: ../TCPSocket.cpp
 
Building file: ../UDPGame.cpp
Invoking: GCC C++ Compiler
g++ -O0 -g3 -Wall -c -fmessage-length=0 -MMD -MP -MF"UDPGame.d" -MT"UDPGame.o" -o "UDPGame.o" "../UDPGame.cpp"
Finished building: ../UDPGame.cpp
 
Building file: ../main.cpp
Invoking: GCC C++ Compiler
g++ -O0 -g3 -Wall -c -fmessage-length=0 -MMD -MP -MF"main.d" -MT"main.o" -o "main.o" "../main.cpp"
Finished building: ../main.cpp
 
Building target: lab8
Invoking: GCC C++ Linker
g++  -o "lab8"  ./MThread.o ./TCPMessengerClient.o ./TCPSocket.o ./UDPGame.o ./main.o   -lpthread
Finished building target: lab8
 
17:52:44 **** Clean-only build of configuration Debug for project lab10 ****
make clean 
rm -rf  ./AuthRequestsDispatcher.o ./MThread.o ./MultipleTCPSocketsListener.o ./PeersRequestsDispatcher.o ./TCPMessengerServer.o ./TCPSessionBroker.o ./TCPSocket.o ./User.o ./main.o  ./AuthRequestsDispatcher.d ./MThread.d ./MultipleTCPSocketsListener.d ./PeersRequestsDispatcher.d ./TCPMessengerServer.d ./TCPSessionBroker.d ./TCPSocket.d ./User.d ./main.d  lab10
 
17:52:44 **** Clean-only build of configuration Debug for project lab8 ****
make clean 
rm -rf  ./MThread.o ./TCPMessengerClient.o ./TCPSocket.o ./UDPGame.o ./main.o  ./MThread.d ./TCPMessengerClient.d ./TCPSocket.d ./UDPGame.d ./main.d  lab8
 
17:52:50 **** Build of configuration Debug for project lab10 ****
make all 
Building file: ../AuthRequestsDispatcher.cpp
Invoking: GCC C++ Compiler
g++ -O0 -g3 -Wall -c -fmessage-length=0 -MMD -MP -MF"AuthRequestsDispatcher.d" -MT"AuthRequestsDispatcher.o" -o "AuthRequestsDispatcher.o" "../AuthRequestsDispatcher.cpp"
Finished building: ../AuthRequestsDispatcher.cpp
 
Building file: ../MThread.cpp
Invoking: GCC C++ Compiler
g++ -O0 -g3 -Wall -c -fmessage-length=0 -MMD -MP -MF"MThread.d" -MT"MThread.o" -o "MThread.o" "../MThread.cpp"
Finished building: ../MThread.cpp
 
Building file: ../MultipleTCPSocketsListener.cpp
Invoking: GCC C++ Compiler
g++ -O0 -g3 -Wall -c -fmessage-length=0 -MMD -MP -MF"MultipleTCPSocketsListener.d" -MT"MultipleTCPSocketsListener.o" -o "MultipleTCPSocketsListener.o" "../MultipleTCPSocketsListener.cpp"
Finished building: ../MultipleTCPSocketsListener.cpp
 
Building file: ../PeersRequestsDispatcher.cpp
Invoking: GCC C++ Compiler
g++ -O0 -g3 -Wall -c -fmessage-length=0 -MMD -MP -MF"PeersRequestsDispatcher.d" -MT"PeersRequestsDispatcher.o" -o "PeersRequestsDispatcher.o" "../PeersRequestsDispatcher.cpp"
Finished building: ../PeersRequestsDispatcher.cpp
 
Building file: ../TCPMessengerServer.cpp
Invoking: GCC C++ Compiler
g++ -O0 -g3 -Wall -c -fmessage-length=0 -MMD -MP -MF"TCPMessengerServer.d" -MT"TCPMessengerServer.o" -o "TCPMessengerServer.o" "../TCPMessengerServer.cpp"
Finished building: ../TCPMessengerServer.cpp
 
Building file: ../TCPSessionBroker.cpp
Invoking: GCC C++ Compiler
g++ -O0 -g3 -Wall -c -fmessage-length=0 -MMD -MP -MF"TCPSessionBroker.d" -MT"TCPSessionBroker.o" -o "TCPSessionBroker.o" "../TCPSessionBroker.cpp"
Finished building: ../TCPSessionBroker.cpp
 
Building file: ../TCPSocket.cpp
Invoking: GCC C++ Compiler
g++ -O0 -g3 -Wall -c -fmessage-length=0 -MMD -MP -MF"TCPSocket.d" -MT"TCPSocket.o" -o "TCPSocket.o" "../TCPSocket.cpp"
Finished building: ../TCPSocket.cpp
 
Building file: ../User.cpp
Invoking: GCC C++ Compiler
g++ -O0 -g3 -Wall -c -fmessage-length=0 -MMD -MP -MF"User.d" -MT"User.o" -o "User.o" "../User.cpp"
Finished building: ../User.cpp
 
Building file: ../main.cpp
Invoking: GCC C++ Compiler
g++ -O0 -g3 -Wall -c -fmessage-length=0 -MMD -MP -MF"main.d" -MT"main.o" -o "main.o" "../main.cpp"
Finished building: ../main.cpp
 
Building target: lab10
Invoking: GCC C++ Linker
g++  -o "lab10"  ./AuthRequestsDispatcher.o ./MThread.o ./MultipleTCPSocketsListener.o ./PeersRequestsDispatcher.o ./TCPMessengerServer.o ./TCPSessionBroker.o ./TCPSocket.o ./User.o ./main.o   -lpthread
Finished building target: lab10
 
17:53:00 **** Build of configuration Debug for project lab8 ****
make all 
Building file: ../MThread.cpp
Invoking: GCC C++ Compiler
g++ -O0 -g3 -Wall -c -fmessage-length=0 -MMD -MP -MF"MThread.d" -MT"MThread.o" -o "MThread.o" "../MThread.cpp"
Finished building: ../MThread.cpp
 
Building file: ../TCPMessengerClient.cpp
Invoking: GCC C++ Compiler
g++ -O0 -g3 -Wall -c -fmessage-length=0 -MMD -MP -MF"TCPMessengerClient.d" -MT"TCPMessengerClient.o" -o "TCPMessengerClient.o" "../TCPMessengerClient.cpp"
Finished building: ../TCPMessengerClient.cpp
 
Building file: ../TCPSocket.cpp
Invoking: GCC C++ Compiler
g++ -O0 -g3 -Wall -c -fmessage-length=0 -MMD -MP -MF"TCPSocket.d" -MT"TCPSocket.o" -o "TCPSocket.o" "../TCPSocket.cpp"
Finished building: ../TCPSocket.cpp
 
Building file: ../UDPGame.cpp
Invoking: GCC C++ Compiler
g++ -O0 -g3 -Wall -c -fmessage-length=0 -MMD -MP -MF"UDPGame.d" -MT"UDPGame.o" -o "UDPGame.o" "../UDPGame.cpp"
Finished building: ../UDPGame.cpp
 
Building file: ../main.cpp
Invoking: GCC C++ Compiler
g++ -O0 -g3 -Wall -c -fmessage-length=0 -MMD -MP -MF"main.d" -MT"main.o" -o "main.o" "../main.cpp"
Finished building: ../main.cpp
 
Building target: lab8
Invoking: GCC C++ Linker
g++  -o "lab8"  ./MThread.o ./TCPMessengerClient.o ./TCPSocket.o ./UDPGame.o ./main.o   -lpthread
Finished building target: lab8
 
